[debug] [2021-03-28T15:32:22.998Z] ----------------------------------------------------------------------
[debug] [2021-03-28T15:32:23.012Z] Command:       C:\Program Files\nodejs\node.exe C:\Users\HP\AppData\Roaming\npm\node_modules\firebase-tools\lib\bin\firebase.js init
[debug] [2021-03-28T15:32:23.012Z] CLI Version:   9.8.0
[debug] [2021-03-28T15:32:23.013Z] Platform:      win32
[debug] [2021-03-28T15:32:23.013Z] Node Version:  v12.18.2
[debug] [2021-03-28T15:32:23.114Z] Time:          Sun Mar 28 2021 21:02:23 GMT+0530 (India Standard Time)
[debug] [2021-03-28T15:32:23.114Z] ----------------------------------------------------------------------
[debug] 
[debug] [2021-03-28T15:32:23.159Z] > command requires scopes: ["email","openid","https://www.googleapis.com/auth/cloudplatformprojects.readonly","https://www.googleapis.com/auth/firebase","https://www.googleapis.com/auth/cloud-platform"]
[debug] [2021-03-28T15:32:23.160Z] > authorizing via signed-in user
[info] 
     ######## #### ########  ######## ########     ###     ######  ########
     ##        ##  ##     ## ##       ##     ##  ##   ##  ##       ##
     ######    ##  ########  ######   ########  #########  ######  ######
     ##        ##  ##    ##  ##       ##     ## ##     ##       ## ##
     ##       #### ##     ## ######## ########  ##     ##  ######  ########

You're about to initialize a Firebase project in this directory:

  D:\WhatsApp Clone\whatsapp-clone

Before we get started, keep in mind:

  * You are initializing in an existing Firebase project directory

